<?xml version="1.0" encoding="UTF-8"?>
<!-- Generated by org.testng.reporters.JUnitXMLReporter -->
<testsuite ignored="0" hostname="NB230.fritz.box" failures="0" tests="3" name="Command line test" time="32.537" errors="0" timestamp="2021-04-22T20:37:36 CEST">
  <testcase classname="actualTests.LoginTest" name="testLogin" time="17.579"/>
  <testcase classname="actualTests.LoginTest" name="verifyAcceptCookie" time="0.138"/>
  <testcase classname="actualTests.LoginTest" name="verifyPageTitle" time="0.008"/>
</testsuite> <!-- Command line test -->
