<?xml version="1.0" encoding="UTF-8"?>
<testng-results ignored="0" total="3" passed="3" failed="0" skipped="0">
  <reporter-output>
  </reporter-output>
  <suite started-at="2021-04-22T20:37:04 CEST" name="Command line suite" finished-at="2021-04-22T20:37:36 CEST" duration-ms="32537">
    <groups>
    </groups>
    <test started-at="2021-04-22T20:37:04 CEST" name="Command line test" finished-at="2021-04-22T20:37:36 CEST" duration-ms="32537">
      <class name="actualTests.LoginTest">
        <test-method is-config="true" signature="setUp()[pri:0, instance:actualTests.LoginTest@7dc222ae]" started-at="2021-04-22T20:37:04 CEST" name="setUp" finished-at="2021-04-22T20:37:09 CEST" duration-ms="5728" status="PASS">
          <reporter-output>
          </reporter-output>
        </test-method> <!-- setUp -->
        <test-method signature="testLogin()[pri:1, instance:actualTests.LoginTest@7dc222ae]" started-at="2021-04-22T20:37:09 CEST" name="testLogin" finished-at="2021-04-22T20:37:27 CEST" duration-ms="17579" status="PASS">
          <reporter-output>
          </reporter-output>
        </test-method> <!-- testLogin -->
        <test-method is-config="true" signature="tearDown()[pri:0, instance:actualTests.LoginTest@7dc222ae]" started-at="2021-04-22T20:37:27 CEST" name="tearDown" finished-at="2021-04-22T20:37:27 CEST" duration-ms="194" status="PASS">
          <reporter-output>
          </reporter-output>
        </test-method> <!-- tearDown -->
        <test-method is-config="true" signature="setUp()[pri:0, instance:actualTests.LoginTest@7dc222ae]" started-at="2021-04-22T20:37:27 CEST" name="setUp" finished-at="2021-04-22T20:37:32 CEST" duration-ms="4407" status="PASS">
          <reporter-output>
          </reporter-output>
        </test-method> <!-- setUp -->
        <test-method signature="verifyAcceptCookie()[pri:1, instance:actualTests.LoginTest@7dc222ae]" started-at="2021-04-22T20:37:32 CEST" name="verifyAcceptCookie" finished-at="2021-04-22T20:37:32 CEST" duration-ms="138" status="PASS">
          <reporter-output>
          </reporter-output>
        </test-method> <!-- verifyAcceptCookie -->
        <test-method is-config="true" signature="tearDown()[pri:0, instance:actualTests.LoginTest@7dc222ae]" started-at="2021-04-22T20:37:32 CEST" name="tearDown" finished-at="2021-04-22T20:37:32 CEST" duration-ms="188" status="PASS">
          <reporter-output>
          </reporter-output>
        </test-method> <!-- tearDown -->
        <test-method is-config="true" signature="setUp()[pri:0, instance:actualTests.LoginTest@7dc222ae]" started-at="2021-04-22T20:37:32 CEST" name="setUp" finished-at="2021-04-22T20:37:36 CEST" duration-ms="4083" status="PASS">
          <reporter-output>
          </reporter-output>
        </test-method> <!-- setUp -->
        <test-method signature="verifyPageTitle()[pri:1, instance:actualTests.LoginTest@7dc222ae]" started-at="2021-04-22T20:37:36 CEST" name="verifyPageTitle" finished-at="2021-04-22T20:37:36 CEST" duration-ms="8" status="PASS">
          <reporter-output>
          </reporter-output>
        </test-method> <!-- verifyPageTitle -->
        <test-method is-config="true" signature="tearDown()[pri:0, instance:actualTests.LoginTest@7dc222ae]" started-at="2021-04-22T20:37:36 CEST" name="tearDown" finished-at="2021-04-22T20:37:36 CEST" duration-ms="176" status="PASS">
          <reporter-output>
          </reporter-output>
        </test-method> <!-- tearDown -->
      </class> <!-- actualTests.LoginTest -->
    </test> <!-- Command line test -->
  </suite> <!-- Command line suite -->
</testng-results>
